<?xml version="1.0" encoding="UTF-8"?>
<!-- Generated by org.testng.reporters.JUnitXMLReporter -->
<testsuite ignored="0" hostname="LAPTOP-Q9BAQ8TT" failures="0" tests="5" name="RestAssuredTests" time="7.398" errors="0" timestamp="09 Dec 2019 06:19:01 GMT">
  <testcase classname="com.employeeapi.testcases.TC001_Get_All_Empolyees" name="checkContentType" time="0.017"/>
  <testcase classname="com.employeeapi.testcases.TC001_Get_All_Empolyees" name="checkResponseBody" time="0.068"/>
  <testcase classname="com.employeeapi.testcases.TC001_Get_All_Empolyees" name="checkResponseTime" time="0.004"/>
  <testcase classname="com.employeeapi.testcases.TC001_Get_All_Empolyees" name="chectStatusLine" time="0.004"/>
  <testcase classname="com.employeeapi.testcases.TC001_Get_All_Empolyees" name="statusCode" time="0.0"/>
</testsuite> <!-- RestAssuredTests -->
