<?xml version="1.0" encoding="UTF-8"?>
<!-- Generated by org.testng.reporters.JUnitXMLReporter -->
<testsuite ignored="0" hostname="LAPTOP-Q9BAQ8TT" failures="1" tests="16" name="restassuredtest" time="33.788" errors="0" timestamp="13 Dec 2019 03:02:13 GMT">
  <testcase classname="com.employeeapi.testcases.TC001_Get_All_Empolyees" name="checkContentType" time="0.03"/>
  <testcase classname="com.employeeapi.testcases.TC001_Get_All_Empolyees" name="checkResponseBody" time="0.162"/>
  <testcase classname="com.employeeapi.testcases.TC001_Get_All_Empolyees" name="checkResponseTime" time="0.025">
    <failure type="java.lang.AssertionError" message="expected [true] but found [false]">
      <![CDATA[java.lang.AssertionError: expected [true] but found [false]
at com.employeeapi.testcases.TC001_Get_All_Empolyees.checkResponseTime(TC001_Get_All_Empolyees.java:66)
... Removed 29 stack frames]]>
    </failure>
  </testcase> <!-- checkResponseTime -->
  <testcase classname="com.employeeapi.testcases.TC001_Get_All_Empolyees" name="chectStatusLine" time="0.015"/>
  <testcase classname="com.employeeapi.testcases.TC001_Get_All_Empolyees" name="statusCode" time="0.048"/>
  <testcase classname="com.employeeapi.testcases.TC002_Get_Single_EmployeeRecord" name="checkResponseBody" time="0.003"/>
  <testcase classname="com.employeeapi.testcases.TC002_Get_Single_EmployeeRecord" name="checkStatusCode" time="0.007"/>
  <testcase classname="com.employeeapi.testcases.TC003_Post_Employee_Record" name="checkContentType" time="0.003"/>
  <testcase classname="com.employeeapi.testcases.TC003_Post_Employee_Record" name="checkResponseBody" time="0.01"/>
  <testcase classname="com.employeeapi.testcases.TC003_Post_Employee_Record" name="checkStatusCode" time="0.003"/>
  <testcase classname="com.employeeapi.testcases.TC003_Post_Employee_Record" name="checkStatusLine" time="0.006"/>
  <testcase classname="com.employeeapi.testcases.TC004_Put_Employee_Record" name="checkResponsebody" time="0.006"/>
  <testcase classname="com.employeeapi.testcases.TC004_Put_Employee_Record" name="checkStatusCode" time="0.001"/>
  <testcase classname="com.employeeapi.testcases.TC005_Delete_Employee_Record" name="checkContentEncoding" time="0.005"/>
  <testcase classname="com.employeeapi.testcases.TC005_Delete_Employee_Record" name="checkResponseBody" time="0.005"/>
  <testcase classname="com.employeeapi.testcases.TC005_Delete_Employee_Record" name="checkStatusCode" time="0.003"/>
</testsuite> <!-- restassuredtest -->
